<?xml version="1.0" encoding="UTF-8"?>
<!-- Generated by org.testng.reporters.JUnitReportReporter -->
<testsuite skipped="0" hostname="POS-S1C05-1-210" name="com.QAInterviewBooks.api.tests.TestPOSTBook" tests="1" failures="0" timestamp="2022-11-09T15:49:35 CET" time="1.930" errors="0">
  <testcase name="testPostCreateBook" time="1.930" classname="com.QAInterviewBooks.api.tests.TestPOSTBook"/>
  <system-out/>
</testsuite> <!-- com.QAInterviewBooks.api.tests.TestPOSTBook -->
